[ 2017-03-16T20:23:20+08:00 ] ::1 /lagouwang/Public//lagouwang/Public/picture/cgp3o1i5eo2amgz4aaddqpzxeus310.jpg
ERR: 无法加载模块:Public

[ 2017-03-16T20:24:23+08:00 ] ::1 /lagouwang/Public//lagouwang/Public/picture/cgp3o1i5eo2amgz4aaddqpzxeus310.jpg
ERR: 无法加载模块:Public

[ 2017-03-16T20:24:44+08:00 ] ::1 /lagouwang/Public//lagouwang/Public/picture/cgp3o1i5eo2amgz4aaddqpzxeus310.jpg
ERR: 无法加载模块:Public

[ 2017-03-16T20:29:13+08:00 ] ::1 /lagouwang/Public//lagouwang/Public/picture/cgp3o1i5eo2amgz4aaddqpzxeus310.jpg
ERR: 无法加载模块:Public

[ 2017-03-16T20:29:23+08:00 ] ::1 /lagouwang/Public//lagouwang/Public/picture/cgp3o1i5eo2amgz4aaddqpzxeus310.jpg
ERR: 无法加载模块:Public

[ 2017-03-16T20:32:58+08:00 ] ::1 /lagouwang/Public//lagouwang/Public/picture/cgp3o1i5eo2amgz4aaddqpzxeus310.jpg
ERR: 无法加载模块:Public

[ 2017-03-16T20:33:15+08:00 ] ::1 /lagouwang/Public//lagouwang/Public/picture/cgp3o1i5eo2amgz4aaddqpzxeus310.jpg
ERR: 无法加载模块:Public

[ 2017-03-16T20:40:11+08:00 ] ::1 /lagouwang/Public//lagouwang/Public/picture/cgp3o1i5eo2amgz4aaddqpzxeus310.jpg
ERR: 无法加载模块:Public

[ 2017-03-16T20:41:54+08:00 ] ::1 /lagouwang/Public//lagouwang/Public/picture/cgp3o1i5eo2amgz4aaddqpzxeus310.jpg
ERR: 无法加载模块:Public

[ 2017-03-16T20:44:56+08:00 ] ::1 /lagouwang/Public/Upload/com_logo/1.png
ERR: 无法加载模块:Public

[ 2017-03-16T20:44:56+08:00 ] ::1 /lagouwang/Public/Upload/com_logo/1.png
ERR: 无法加载模块:Public

[ 2017-03-16T20:46:05+08:00 ] ::1 /lagouwang/Public/Upload/com_logo/1.png
ERR: 无法加载模块:Public

[ 2017-03-16T20:46:05+08:00 ] ::1 /lagouwang/Public/Upload/com_logo/1.png
ERR: 无法加载模块:Public

[ 2017-03-16T20:49:04+08:00 ] ::1 /lagouwang/Public/Upload/com_logo/1.png
ERR: 无法加载模块:Public

[ 2017-03-16T20:49:05+08:00 ] ::1 /lagouwang/Public/Upload/com_logo/1.png
ERR: 无法加载模块:Public

[ 2017-03-16T20:50:33+08:00 ] ::1 /lagouwang/Public/Upload/com_logo/2.jpg
ERR: 无法加载模块:Public

[ 2017-03-16T20:50:33+08:00 ] ::1 /lagouwang/Public/Upload/fon_img/aa.jpg
ERR: 无法加载模块:Public

[ 2017-03-16T20:50:35+08:00 ] ::1 /lagouwang/Public/Upload/com_logo/2.jpg
ERR: 无法加载模块:Public

[ 2017-03-16T20:50:35+08:00 ] ::1 /lagouwang/Public/Upload/fon_img/aa.jpg
ERR: 无法加载模块:Public

[ 2017-03-16T20:51:13+08:00 ] ::1 /lagouwang/Public/Upload/fon_img/aa.jpg
ERR: 无法加载模块:Public

[ 2017-03-16T20:51:13+08:00 ] ::1 /lagouwang/Public/Upload/com_logo/2.jpg
ERR: 无法加载模块:Public

[ 2017-03-16T20:51:13+08:00 ] ::1 /lagouwang/Public/Upload/fon_img/aa.jpg
ERR: 无法加载模块:Public

[ 2017-03-16T20:51:13+08:00 ] ::1 /lagouwang/Public/Upload/com_logo/2.jpg
ERR: 无法加载模块:Public

[ 2017-03-16T20:51:53+08:00 ] ::1 /lagouwang/Public//lagouwang/Public/picture/cgp3o1i5eo2amgz4aaddqpzxeus310.jpg
ERR: 无法加载模块:Public

[ 2017-03-16T20:51:54+08:00 ] ::1 /lagouwang/Public//lagouwang/Public/picture/cgp3o1i5eo2amgz4aaddqpzxeus310.jpg
ERR: 无法加载模块:Public

[ 2017-03-16T20:52:15+08:00 ] ::1 /lagouwang/Public//lagouwang/Public/picture/cgp3o1i5eo2amgz4aaddqpzxeus310.jpg
ERR: 无法加载模块:Public

[ 2017-03-16T20:52:16+08:00 ] ::1 /lagouwang/Public//lagouwang/Public/picture/cgp3o1i5eo2amgz4aaddqpzxeus310.jpg
ERR: 无法加载模块:Public

[ 2017-03-16T20:52:16+08:00 ] ::1 /lagouwang/Public//lagouwang/Public/picture/cgp3o1i5eo2amgz4aaddqpzxeus310.jpg
ERR: 无法加载模块:Public

[ 2017-03-16T20:52:16+08:00 ] ::1 /lagouwang/Public//lagouwang/Public/picture/cgp3o1i5eo2amgz4aaddqpzxeus310.jpg
ERR: 无法加载模块:Public

[ 2017-03-16T20:52:19+08:00 ] ::1 /lagouwang/Public//lagouwang/Public/picture/cgp3o1i5eo2amgz4aaddqpzxeus310.jpg
ERR: 无法加载模块:Public

[ 2017-03-16T20:52:19+08:00 ] ::1 /lagouwang/Public//lagouwang/Public/picture/cgp3o1i5eo2amgz4aaddqpzxeus310.jpg
ERR: 无法加载模块:Public

[ 2017-03-16T20:52:19+08:00 ] ::1 /lagouwang/Public//lagouwang/Public/picture/cgp3o1i5eo2amgz4aaddqpzxeus310.jpg
ERR: 无法加载模块:Public

[ 2017-03-16T20:52:20+08:00 ] ::1 /lagouwang/Public//lagouwang/Public/picture/cgp3o1i5eo2amgz4aaddqpzxeus310.jpg
ERR: 无法加载模块:Public

[ 2017-03-16T20:52:20+08:00 ] ::1 /lagouwang/Public//lagouwang/Public/picture/cgp3o1i5eo2amgz4aaddqpzxeus310.jpg
ERR: 无法加载模块:Public

[ 2017-03-16T20:57:34+08:00 ] ::1 /lagouwang/Public//lagouwang/Public/picture/cgp3o1i5eo2amgz4aaddqpzxeus310.jpg
ERR: 无法加载模块:Public

[ 2017-03-16T21:03:43+08:00 ] ::1 /lagouwang/Public//lagouwang/Public/picture/cgp3o1i5eo2amgz4aaddqpzxeus310.jpg
ERR: 无法加载模块:Public

[ 2017-03-16T21:16:42+08:00 ] ::1 /lagouwang/Public//lagouwang/Public/picture/cgp3o1i5eo2amgz4aaddqpzxeus310.jpg
ERR: 无法加载模块:Public

[ 2017-03-16T21:16:46+08:00 ] ::1 /lagouwang/Public//lagouwang/Public/picture/cgp3o1i5eo2amgz4aaddqpzxeus310.jpg
ERR: 无法加载模块:Public

[ 2017-03-16T21:17:38+08:00 ] ::1 /lagouwang/Public//lagouwang/Public/picture/cgp3o1i5eo2amgz4aaddqpzxeus310.jpg
ERR: 无法加载模块:Public

[ 2017-03-16T21:17:39+08:00 ] ::1 /lagouwang/Public//lagouwang/Public/picture/cgp3o1i5eo2amgz4aaddqpzxeus310.jpg
ERR: 无法加载模块:Public

[ 2017-03-16T21:17:39+08:00 ] ::1 /lagouwang/Public//lagouwang/Public/picture/cgp3o1i5eo2amgz4aaddqpzxeus310.jpg
ERR: 无法加载模块:Public

[ 2017-03-16T21:17:57+08:00 ] ::1 /lagouwang/Public//lagouwang/Public/picture/cgp3o1i5eo2amgz4aaddqpzxeus310.jpg
ERR: 无法加载模块:Public

[ 2017-03-16T21:18:13+08:00 ] ::1 /lagouwang/Public//lagouwang/Public/picture/cgp3o1i5eo2amgz4aaddqpzxeus310.jpg
ERR: 无法加载模块:Public

[ 2017-03-16T21:18:15+08:00 ] ::1 /lagouwang/Public//lagouwang/Public/picture/cgp3o1i5eo2amgz4aaddqpzxeus310.jpg
ERR: 无法加载模块:Public

[ 2017-03-16T21:18:37+08:00 ] ::1 /lagouwang/Public//lagouwang/Public/picture/cgp3o1i5eo2amgz4aaddqpzxeus310.jpg
ERR: 无法加载模块:Public

[ 2017-03-16T21:18:49+08:00 ] ::1 /lagouwang/Public//lagouwang/Public/picture/cgp3o1i5eo2amgz4aaddqpzxeus310.jpg
ERR: 无法加载模块:Public

[ 2017-03-16T21:19:28+08:00 ] ::1 /lagouwang/Public//lagouwang/Public/picture/cgp3o1i5eo2amgz4aaddqpzxeus310.jpg
ERR: 无法加载模块:Public

[ 2017-03-16T21:20:10+08:00 ] ::1 /lagouwang/Public//lagouwang/Public/picture/cgp3o1i5eo2amgz4aaddqpzxeus310.jpg
ERR: 无法加载模块:Public

[ 2017-03-16T21:20:12+08:00 ] ::1 /lagouwang/Public//lagouwang/Public/picture/cgp3o1i5eo2amgz4aaddqpzxeus310.jpg
ERR: 无法加载模块:Public

[ 2017-03-16T21:20:21+08:00 ] ::1 /lagouwang/Public//lagouwang/Public/picture/cgp3o1i5eo2amgz4aaddqpzxeus310.jpg
ERR: 无法加载模块:Public

[ 2017-03-16T21:20:43+08:00 ] ::1 /lagouwang/Public//lagouwang/Public/picture/cgp3o1i5eo2amgz4aaddqpzxeus310.jpg
ERR: 无法加载模块:Public

[ 2017-03-16T21:20:48+08:00 ] ::1 /lagouwang/Public//lagouwang/Public/picture/cgp3o1i5eo2amgz4aaddqpzxeus310.jpg
ERR: 无法加载模块:Public

[ 2017-03-16T21:27:01+08:00 ] ::1 /lagouwang/Public//lagouwang/Public/picture/cgp3o1i5eo2amgz4aaddqpzxeus310.jpg
ERR: 无法加载模块:Public

[ 2017-03-16T21:32:22+08:00 ] ::1 /lagouwang/Public//lagouwang/Public/picture/cgp3o1i5eo2amgz4aaddqpzxeus310.jpg
ERR: 无法加载模块:Public

[ 2017-03-16T21:45:10+08:00 ] ::1 /lagouwang/Public/style/js/ajaxCross.json
ERR: 无法加载模块:Public

[ 2017-03-16T21:45:10+08:00 ] ::1 /lagouwang/Public/style/js/ajaxCross.json
ERR: 无法加载模块:Public

[ 2017-03-16T21:45:20+08:00 ] ::1 /lagouwang/Public//lagouwang/Public/picture/cgp3o1i5eo2amgz4aaddqpzxeus310.jpg
ERR: 无法加载模块:Public

[ 2017-03-16T21:45:21+08:00 ] ::1 /lagouwang/Public//lagouwang/Public/picture/cgp3o1i5eo2amgz4aaddqpzxeus310.jpg
ERR: 无法加载模块:Public

[ 2017-03-16T21:45:22+08:00 ] ::1 /lagouwang/Public/style/js/ajaxCross.json
ERR: 无法加载模块:Public

[ 2017-03-16T21:45:22+08:00 ] ::1 /lagouwang/Public/style/js/ajaxCross.json
ERR: 无法加载模块:Public

[ 2017-03-16T21:45:34+08:00 ] ::1 /lagouwang/Public/style/js/ajaxCross.json
ERR: 无法加载模块:Public

[ 2017-03-16T21:45:34+08:00 ] ::1 /lagouwang/Public/style/js/ajaxCross.json
ERR: 无法加载模块:Public

[ 2017-03-16T21:45:54+08:00 ] ::1 /lagouwang/Public/style/js/ajaxCross.json
ERR: 无法加载模块:Public

[ 2017-03-16T21:45:54+08:00 ] ::1 /lagouwang/Public/style/js/ajaxCross.json
ERR: 无法加载模块:Public

[ 2017-03-16T21:47:05+08:00 ] ::1 /lagouwang/Public/style/js/ajaxCross.json
ERR: 无法加载模块:Public

[ 2017-03-16T21:47:05+08:00 ] ::1 /lagouwang/Public/style/js/ajaxCross.json
ERR: 无法加载模块:Public

[ 2017-03-16T21:47:22+08:00 ] ::1 /lagouwang/Public/style/js/ajaxCross.json
ERR: 无法加载模块:Public

[ 2017-03-16T21:47:22+08:00 ] ::1 /lagouwang/Public/style/js/ajaxCross.json
ERR: 无法加载模块:Public

[ 2017-03-16T21:47:32+08:00 ] ::1 /lagouwang/Public//lagouwang/Public/picture/cgp3o1i5eo2amgz4aaddqpzxeus310.jpg
ERR: 无法加载模块:Public

[ 2017-03-16T21:48:19+08:00 ] ::1 /lagouwang/Public/style/js/ajaxCross.json
ERR: 无法加载模块:Public

[ 2017-03-16T21:48:19+08:00 ] ::1 /lagouwang/Public/style/js/ajaxCross.json
ERR: 无法加载模块:Public

[ 2017-03-16T21:48:21+08:00 ] ::1 /lagouwang/Public/style/js/ajaxCross.json
ERR: 无法加载模块:Public

[ 2017-03-16T21:48:21+08:00 ] ::1 /lagouwang/Public/style/js/ajaxCross.json
ERR: 无法加载模块:Public

[ 2017-03-16T21:48:22+08:00 ] ::1 /lagouwang/Public/style/js/ajaxCross.json
ERR: 无法加载模块:Public

[ 2017-03-16T21:48:22+08:00 ] ::1 /lagouwang/Public/style/js/ajaxCross.json
ERR: 无法加载模块:Public

[ 2017-03-16T21:48:22+08:00 ] ::1 /lagouwang/Public/style/js/ajaxCross.json
ERR: 无法加载模块:Public

[ 2017-03-16T21:48:22+08:00 ] ::1 /lagouwang/Public/style/js/ajaxCross.json
ERR: 无法加载模块:Public

[ 2017-03-16T21:48:22+08:00 ] ::1 /lagouwang/Public/style/js/ajaxCross.json
ERR: 无法加载模块:Public

[ 2017-03-16T21:48:22+08:00 ] ::1 /lagouwang/Public/style/js/ajaxCross.json
ERR: 无法加载模块:Public

[ 2017-03-16T21:54:04+08:00 ] ::1 /lagouwang/Public//lagouwang/Public/picture/cgp3o1i5eo2amgz4aaddqpzxeus310.jpg
ERR: 无法加载模块:Public

[ 2017-03-16T21:54:43+08:00 ] ::1 /lagouwang/Public//lagouwang/Public/picture/cgp3o1i5eo2amgz4aaddqpzxeus310.jpg
ERR: 无法加载模块:Public

[ 2017-03-16T22:07:37+08:00 ] ::1 /lagouwang/Public/style/js/ajaxCross.json
ERR: 无法加载模块:Public

[ 2017-03-16T22:07:38+08:00 ] ::1 /lagouwang/Public/style/js/ajaxCross.json
ERR: 无法加载模块:Public

[ 2017-03-16T22:07:45+08:00 ] ::1 /lagouwang/Public//lagouwang/Public/picture/cgp3o1i5eo2amgz4aaddqpzxeus310.jpg
ERR: 无法加载模块:Public

[ 2017-03-16T22:16:29+08:00 ] ::1 /lagouwang/Public//lagouwang/Public/picture/cgp3o1i5eo2amgz4aaddqpzxeus310.jpg
ERR: 无法加载模块:Public

[ 2017-03-16T22:16:32+08:00 ] ::1 /lagouwang/Public/Upload/com_logo/1.png
ERR: 无法加载模块:Public

[ 2017-03-16T22:16:32+08:00 ] ::1 /lagouwang/Public/Upload/com_logo/1.png
ERR: 无法加载模块:Public

[ 2017-03-16T22:24:16+08:00 ] ::1 /lagouwang/Public//lagouwang/Public/picture/cgp3o1i5eo2amgz4aaddqpzxeus310.jpg
ERR: 无法加载模块:Public

[ 2017-03-16T23:16:50+08:00 ] ::1 /lagouwang/Public//lagouwang/Public/picture/cgp3o1i5eo2amgz4aaddqpzxeus310.jpg
ERR: 无法加载模块:Public

[ 2017-03-16T23:24:50+08:00 ] ::1 /lagouwang/Public//lagouwang/Public/picture/cgp3o1i5eo2amgz4aaddqpzxeus310.jpg
ERR: 无法加载模块:Public

[ 2017-03-16T23:40:42+08:00 ] ::1 /lagouwang/Public/Upload/com_logo/1.png
ERR: 无法加载模块:Public

[ 2017-03-16T23:40:42+08:00 ] ::1 /lagouwang/Public/Upload/fon_img/1.png
ERR: 无法加载模块:Public

[ 2017-03-16T23:40:43+08:00 ] ::1 /lagouwang/Public/Upload/fon_img/1.png
ERR: 无法加载模块:Public

[ 2017-03-16T23:40:43+08:00 ] ::1 /lagouwang/Public/Upload/com_logo/1.png
ERR: 无法加载模块:Public

[ 2017-03-16T23:40:47+08:00 ] ::1 /lagouwang/Public/Upload/com_logo/1.png
ERR: 无法加载模块:Public

[ 2017-03-16T23:40:47+08:00 ] ::1 /lagouwang/Public/Upload/fon_img/1.png
ERR: 无法加载模块:Public

[ 2017-03-16T23:40:47+08:00 ] ::1 /lagouwang/Public/Upload/com_logo/1.png
ERR: 无法加载模块:Public

[ 2017-03-16T23:40:47+08:00 ] ::1 /lagouwang/Public/Upload/fon_img/1.png
ERR: 无法加载模块:Public

[ 2017-03-16T23:42:02+08:00 ] ::1 /lagouwang/Public/Upload/com_logo/1.png
ERR: 无法加载模块:Public

