[ 2017-03-19T00:24:55+08:00 ] ::1 /lagouwang/Public/js/jquery-1.10.2.js
ERR: 无法加载模块:Public

[ 2017-03-19T00:24:55+08:00 ] ::1 /lagouwang/Public/img/cd-icon-user.svg
ERR: 无法加载模块:Public

[ 2017-03-19T00:24:55+08:00 ] ::1 /lagouwang/Public/img/cd-icon-company.svg
ERR: 无法加载模块:Public

[ 2017-03-19T00:24:55+08:00 ] ::1 /lagouwang/Public/img/cd-required.svg
ERR: 无法加载模块:Public

[ 2017-03-19T00:24:55+08:00 ] ::1 /lagouwang/Public/img/cd-icon-radio.svg
ERR: 无法加载模块:Public

[ 2017-03-19T00:24:55+08:00 ] ::1 /lagouwang/Public/img/cd-icon-email.svg
ERR: 无法加载模块:Public

[ 2017-03-19T00:24:56+08:00 ] ::1 /lagouwang/Public/js/jquery-1.10.2.js
ERR: 无法加载模块:Public

[ 2017-03-19T00:30:22+08:00 ] ::1 /lagouwang/Public/Upload/com_logo/s_58cc09a7527dd.jpg
ERR: 无法加载模块:Public

[ 2017-03-19T00:30:23+08:00 ] ::1 /lagouwang/Public/Upload/com_logo/s_58cc09a7527dd.jpg
ERR: 无法加载模块:Public

[ 2017-03-19T00:30:49+08:00 ] ::1 /lagouwang/Public/Upload/com_logo/s_58cc09a7527dd.jpg
ERR: 无法加载模块:Public

[ 2017-03-19T00:36:22+08:00 ] ::1 /lagouwang/Public/style/images/s_58cbf0e37928b.jpg
ERR: 无法加载模块:Public

[ 2017-03-19T00:49:14+08:00 ] ::1 /lagouwang/Public/js/jquery-1.10.2.js
ERR: 无法加载模块:Public

[ 2017-03-19T00:49:14+08:00 ] ::1 /lagouwang/Public/img/cd-icon-user.svg
ERR: 无法加载模块:Public

[ 2017-03-19T00:49:14+08:00 ] ::1 /lagouwang/Public/img/cd-icon-email.svg
ERR: 无法加载模块:Public

[ 2017-03-19T00:49:14+08:00 ] ::1 /lagouwang/Public/img/cd-icon-radio.svg
ERR: 无法加载模块:Public

[ 2017-03-19T00:49:14+08:00 ] ::1 /lagouwang/Public/img/cd-required.svg
ERR: 无法加载模块:Public

[ 2017-03-19T00:49:14+08:00 ] ::1 /lagouwang/Public/img/cd-icon-company.svg
ERR: 无法加载模块:Public

[ 2017-03-19T00:49:14+08:00 ] ::1 /lagouwang/Public/js/jquery-1.10.2.js
ERR: 无法加载模块:Public

